# JRE version: OpenJDK Runtime Environment Temurin-17.0.6+10 (17.0.6+10) (build 17.0.6+10)
# Java VM: OpenJDK 64-Bit Server VM Temurin-17.0.6+10 (17.0.6+10, mixed mode, tiered, compressed oops, compressed class ptrs, g1 gc, windows-amd64)
GC Precious Log:
 CPUs: 4 total, 4 available
 Memory: 7851M
 Large Page Support: Disabled
 NUMA Support: Disabled
 Compressed Oops: Enabled (32-bit)
 Heap Region Size: 1M
 Heap Min Capacity: 8M
 Heap Initial Capacity: 124M
 Heap Max Capacity: 1964M
 Pre-touch: Disabled
 Parallel Workers: 4
 Concurrent Workers: 1
 Concurrent Refinement Workers: 4
 Periodic GC: Disabled
Heap:
 garbage-first heap   total 46080K, used 28022K [0x0000000085400000, 0x0000000100000000)
  region size 1024K, 5 young (5120K), 1 survivors (1024K)
 Metaspace       used 64023K, committed 64448K, reserved 1105920K
  class space    used 8519K, committed 8704K, reserved 1048576K
GC Heap History (20 events):
Event: 11.991 GC heap before
{Heap before GC invocations=19 (full 0):
 garbage-first heap   total 37888K, used 25657K [0x0000000085400000, 0x0000000100000000)
  region size 1024K, 10 young (10240K), 2 survivors (2048K)
 Metaspace       used 47982K, committed 48448K, reserved 1097728K
  class space    used 6075K, committed 6272K, reserved 1048576K
}
Event: 11.994 GC heap after
{Heap after GC invocations=20 (full 0):
 garbage-first heap   total 37888K, used 19215K [0x0000000085400000, 0x0000000100000000)
  region size 1024K, 2 young (2048K), 2 survivors (2048K)
 Metaspace       used 47982K, committed 48448K, reserved 1097728K
  class space    used 6075K, committed 6272K, reserved 1048576K
}
Event: 12.698 GC heap before
{Heap before GC invocations=20 (full 0):
 garbage-first heap   total 37888K, used 29455K [0x0000000085400000, 0x0000000100000000)
  region size 1024K, 12 young (12288K), 2 survivors (2048K)
 Metaspace       used 50953K, committed 51392K, reserved 1097728K
  class space    used 6657K, committed 6848K, reserved 1048576K
}
Event: 12.702 GC heap after
{Heap after GC invocations=21 (full 0):
 garbage-first heap   total 37888K, used 19674K [0x0000000085400000, 0x0000000100000000)
  region size 1024K, 2 young (2048K), 2 survivors (2048K)
 Metaspace       used 50953K, committed 51392K, reserved 1097728K
  class space    used 6657K, committed 6848K, reserved 1048576K
}
Event: 14.117 GC heap before
{Heap before GC invocations=22 (full 0):
 garbage-first heap   total 37888K, used 27866K [0x0000000085400000, 0x0000000100000000)
  region size 1024K, 11 young (11264K), 2 survivors (2048K)
 Metaspace       used 52904K, committed 53312K, reserved 1097728K
  class space    used 7022K, committed 7232K, reserved 1048576K
}
Event: 14.120 GC heap after
{Heap after GC invocations=23 (full 0):
 garbage-first heap   total 37888K, used 20163K [0x0000000085400000, 0x0000000100000000)
  region size 1024K, 2 young (2048K), 2 survivors (2048K)
 Metaspace       used 52904K, committed 53312K, reserved 1097728K
  class space    used 7022K, committed 7232K, reserved 1048576K
}
Event: 14.730 GC heap before
{Heap before GC invocations=23 (full 0):
 garbage-first heap   total 37888K, used 30403K [0x0000000085400000, 0x0000000100000000)
  region size 1024K, 12 young (12288K), 2 survivors (2048K)
 Metaspace       used 55069K, committed 55488K, reserved 1097728K
  class space    used 7294K, committed 7488K, reserved 1048576K
}
Event: 14.735 GC heap after
{Heap after GC invocations=24 (full 0):
 garbage-first heap   total 37888K, used 21059K [0x0000000085400000, 0x0000000100000000)
  region size 1024K, 2 young (2048K), 2 survivors (2048K)
 Metaspace       used 55069K, committed 55488K, reserved 1097728K
  class space    used 7294K, committed 7488K, reserved 1048576K
}
Event: 15.103 GC heap before
{Heap before GC invocations=25 (full 0):
 garbage-first heap   total 40960K, used 29251K [0x0000000085400000, 0x0000000100000000)
  region size 1024K, 10 young (10240K), 2 survivors (2048K)
 Metaspace       used 56668K, committed 57088K, reserved 1105920K
  class space    used 7531K, committed 7744K, reserved 1048576K
}
Event: 15.107 GC heap after
{Heap after GC invocations=26 (full 0):
 garbage-first heap   total 40960K, used 21614K [0x0000000085400000, 0x0000000100000000)
  region size 1024K, 2 young (2048K), 2 survivors (2048K)
 Metaspace       used 56668K, committed 57088K, reserved 1105920K
  class space    used 7531K, committed 7744K, reserved 1048576K
}
Event: 15.469 GC heap before
{Heap before GC invocations=26 (full 0):
 garbage-first heap   total 40960K, used 32878K [0x0000000085400000, 0x0000000100000000)
  region size 1024K, 13 young (13312K), 2 survivors (2048K)
 Metaspace       used 57603K, committed 58112K, reserved 1105920K
  class space    used 7665K, committed 7936K, reserved 1048576K
}
Event: 15.473 GC heap after
{Heap after GC invocations=27 (full 0):
 garbage-first heap   total 40960K, used 22645K [0x0000000085400000, 0x0000000100000000)
  region size 1024K, 2 young (2048K), 2 survivors (2048K)
 Metaspace       used 57603K, committed 58112K, reserved 1105920K
  class space    used 7665K, committed 7936K, reserved 1048576K
}
Event: 15.926 GC heap before
{Heap before GC invocations=28 (full 0):
 garbage-first heap   total 40960K, used 32885K [0x0000000085400000, 0x0000000100000000)
  region size 1024K, 12 young (12288K), 2 survivors (2048K)
 Metaspace       used 58963K, committed 59520K, reserved 1105920K
  class space    used 7850K, committed 8128K, reserved 1048576K
}
Event: 15.931 GC heap after
{Heap after GC invocations=29 (full 0):
 garbage-first heap   total 40960K, used 23614K [0x0000000085400000, 0x0000000100000000)
  region size 1024K, 2 young (2048K), 2 survivors (2048K)
 Metaspace       used 58963K, committed 59520K, reserved 1105920K
  class space    used 7850K, committed 8128K, reserved 1048576K
}
Event: 67.318 GC heap before
{Heap before GC invocations=29 (full 0):
 garbage-first heap   total 40960K, used 32830K [0x0000000085400000, 0x0000000100000000)
  region size 1024K, 11 young (11264K), 2 survivors (2048K)
 Metaspace       used 60230K, committed 60736K, reserved 1105920K
  class space    used 8016K, committed 8256K, reserved 1048576K
}
Event: 67.327 GC heap after
{Heap after GC invocations=30 (full 0):
 garbage-first heap   total 40960K, used 24249K [0x0000000085400000, 0x0000000100000000)
  region size 1024K, 2 young (2048K), 2 survivors (2048K)
 Metaspace       used 60230K, committed 60736K, reserved 1105920K
  class space    used 8016K, committed 8256K, reserved 1048576K
}
Event: 67.824 GC heap before
{Heap before GC invocations=31 (full 0):
 garbage-first heap   total 46080K, used 30393K [0x0000000085400000, 0x0000000100000000)
  region size 1024K, 9 young (9216K), 2 survivors (2048K)
 Metaspace       used 62316K, committed 62784K, reserved 1105920K
  class space    used 8315K, committed 8512K, reserved 1048576K
}
Event: 67.831 GC heap after
{Heap after GC invocations=32 (full 0):
 garbage-first heap   total 46080K, used 24776K [0x0000000085400000, 0x0000000100000000)
  region size 1024K, 2 young (2048K), 2 survivors (2048K)
 Metaspace       used 62316K, committed 62784K, reserved 1105920K
  class space    used 8315K, committed 8512K, reserved 1048576K
}
Event: 451.744 GC heap before
{Heap before GC invocations=32 (full 0):
 garbage-first heap   total 46080K, used 35016K [0x0000000085400000, 0x0000000100000000)
  region size 1024K, 13 young (13312K), 2 survivors (2048K)
 Metaspace       used 64023K, committed 64448K, reserved 1105920K
  class space    used 8519K, committed 8704K, reserved 1048576K
}
Event: 453.114 GC heap after
{Heap after GC invocations=33 (full 0):
 garbage-first heap   total 46080K, used 24950K [0x0000000085400000, 0x0000000100000000)
  region size 1024K, 1 young (1024K), 1 survivors (1024K)
 Metaspace       used 64023K, committed 64448K, reserved 1105920K
  class space    used 8519K, committed 8704K, reserved 1048576K
}

