# JRE version: OpenJDK Runtime Environment Temurin-17.0.6+10 (17.0.6+10) (build 17.0.6+10)
# Java VM: OpenJDK 64-Bit Server VM Temurin-17.0.6+10 (17.0.6+10, mixed mode, tiered, compressed oops, compressed class ptrs, parallel gc, windows-amd64)
GC Precious Log:
 CPUs: 4 total, 4 available
 Memory: 7851M
 Large Page Support: Disabled
 NUMA Support: Disabled
 Compressed Oops: Enabled (32-bit)
 Alignments: Space 512K, Generation 512K, Heap 2M
 Heap Min Capacity: 100M
 Heap Initial Capacity: 100M
 Heap Max Capacity: 1G
 Pre-touch: Disabled
 Parallel Workers: 4
Heap:
 PSYoungGen      total 3584K, used 3249K [0x00000000eab00000, 0x00000000eb300000, 0x0000000100000000)
  eden space 2560K, 100% used [0x00000000eab00000,0x00000000ead80000,0x00000000ead80000)
  from space 1024K, 67% used [0x00000000eb200000,0x00000000eb2ac460,0x00000000eb300000)
  to   space 1024K, 0% used [0x00000000eb100000,0x00000000eb100000,0x00000000eb200000)
 ParOldGen       total 143872K, used 104709K [0x00000000c0000000, 0x00000000c8c80000, 0x00000000eab00000)
  object space 143872K, 72% used [0x00000000c0000000,0x00000000c6641718,0x00000000c8c80000)
 Metaspace       used 69987K, committed 71168K, reserved 1114112K
  class space    used 7396K, committed 7936K, reserved 1048576K
GC Heap History (20 events):
Event: 1953.080 GC heap before
{Heap before GC invocations=90 (full 6):
 PSYoungGen      total 3072K, used 3019K [0x00000000eab00000, 0x00000000eb380000, 0x0000000100000000)
  eden space 2560K, 98% used [0x00000000eab00000,0x00000000ead76e50,0x00000000ead80000)
  from space 512K, 96% used [0x00000000eb300000,0x00000000eb37c010,0x00000000eb380000)
  to   space 1024K, 0% used [0x00000000eb180000,0x00000000eb180000,0x00000000eb280000)
 ParOldGen       total 143872K, used 104341K [0x00000000c0000000, 0x00000000c8c80000, 0x00000000eab00000)
  object space 143872K, 72% used [0x00000000c0000000,0x00000000c65e5718,0x00000000c8c80000)
 Metaspace       used 66674K, committed 68032K, reserved 1114112K
  class space    used 6921K, committed 7488K, reserved 1048576K
}
Event: 1953.082 GC heap after
{Heap after GC invocations=90 (full 6):
 PSYoungGen      total 3584K, used 608K [0x00000000eab00000, 0x00000000eb380000, 0x0000000100000000)
  eden space 2560K, 0% used [0x00000000eab00000,0x00000000eab00000,0x00000000ead80000)
  from space 1024K, 59% used [0x00000000eb180000,0x00000000eb218000,0x00000000eb280000)
  to   space 1024K, 0% used [0x00000000eb280000,0x00000000eb280000,0x00000000eb380000)
 ParOldGen       total 143872K, used 104341K [0x00000000c0000000, 0x00000000c8c80000, 0x00000000eab00000)
  object space 143872K, 72% used [0x00000000c0000000,0x00000000c65e5718,0x00000000c8c80000)
 Metaspace       used 66674K, committed 68032K, reserved 1114112K
  class space    used 6921K, committed 7488K, reserved 1048576K
}
Event: 1953.312 GC heap before
{Heap before GC invocations=91 (full 6):
 PSYoungGen      total 3584K, used 3168K [0x00000000eab00000, 0x00000000eb380000, 0x0000000100000000)
  eden space 2560K, 100% used [0x00000000eab00000,0x00000000ead80000,0x00000000ead80000)
  from space 1024K, 59% used [0x00000000eb180000,0x00000000eb218000,0x00000000eb280000)
  to   space 1024K, 0% used [0x00000000eb280000,0x00000000eb280000,0x00000000eb380000)
 ParOldGen       total 143872K, used 104341K [0x00000000c0000000, 0x00000000c8c80000, 0x00000000eab00000)
  object space 143872K, 72% used [0x00000000c0000000,0x00000000c65e5718,0x00000000c8c80000)
 Metaspace       used 66975K, committed 68224K, reserved 1114112K
  class space    used 6949K, committed 7488K, reserved 1048576K
}
Event: 1953.316 GC heap after
{Heap after GC invocations=91 (full 6):
 PSYoungGen      total 3072K, used 416K [0x00000000eab00000, 0x00000000eb300000, 0x0000000100000000)
  eden space 2560K, 0% used [0x00000000eab00000,0x00000000eab00000,0x00000000ead80000)
  from space 512K, 81% used [0x00000000eb280000,0x00000000eb2e8000,0x00000000eb300000)
  to   space 512K, 0% used [0x00000000eb200000,0x00000000eb200000,0x00000000eb280000)
 ParOldGen       total 143872K, used 104341K [0x00000000c0000000, 0x00000000c8c80000, 0x00000000eab00000)
  object space 143872K, 72% used [0x00000000c0000000,0x00000000c65e5718,0x00000000c8c80000)
 Metaspace       used 66975K, committed 68224K, reserved 1114112K
  class space    used 6949K, committed 7488K, reserved 1048576K
}
Event: 1954.117 GC heap before
{Heap before GC invocations=92 (full 6):
 PSYoungGen      total 3072K, used 2891K [0x00000000eab00000, 0x00000000eb300000, 0x0000000100000000)
  eden space 2560K, 96% used [0x00000000eab00000,0x00000000ead6ac60,0x00000000ead80000)
  from space 512K, 81% used [0x00000000eb280000,0x00000000eb2e8000,0x00000000eb300000)
  to   space 512K, 0% used [0x00000000eb200000,0x00000000eb200000,0x00000000eb280000)
 ParOldGen       total 143872K, used 104341K [0x00000000c0000000, 0x00000000c8c80000, 0x00000000eab00000)
  object space 143872K, 72% used [0x00000000c0000000,0x00000000c65e5718,0x00000000c8c80000)
 Metaspace       used 67297K, committed 68416K, reserved 1114112K
  class space    used 6995K, committed 7488K, reserved 1048576K
}
Event: 1954.119 GC heap after
{Heap after GC invocations=92 (full 6):
 PSYoungGen      total 3072K, used 481K [0x00000000eab00000, 0x00000000eb300000, 0x0000000100000000)
  eden space 2560K, 0% used [0x00000000eab00000,0x00000000eab00000,0x00000000ead80000)
  from space 512K, 94% used [0x00000000eb200000,0x00000000eb2785e0,0x00000000eb280000)
  to   space 512K, 0% used [0x00000000eb280000,0x00000000eb280000,0x00000000eb300000)
 ParOldGen       total 143872K, used 104573K [0x00000000c0000000, 0x00000000c8c80000, 0x00000000eab00000)
  object space 143872K, 72% used [0x00000000c0000000,0x00000000c661f718,0x00000000c8c80000)
 Metaspace       used 67297K, committed 68416K, reserved 1114112K
  class space    used 6995K, committed 7488K, reserved 1048576K
}
Event: 1954.199 GC heap before
{Heap before GC invocations=93 (full 6):
 PSYoungGen      total 3072K, used 3041K [0x00000000eab00000, 0x00000000eb300000, 0x0000000100000000)
  eden space 2560K, 100% used [0x00000000eab00000,0x00000000ead80000,0x00000000ead80000)
  from space 512K, 94% used [0x00000000eb200000,0x00000000eb2785e0,0x00000000eb280000)
  to   space 512K, 0% used [0x00000000eb280000,0x00000000eb280000,0x00000000eb300000)
 ParOldGen       total 143872K, used 104573K [0x00000000c0000000, 0x00000000c8c80000, 0x00000000eab00000)
  object space 143872K, 72% used [0x00000000c0000000,0x00000000c661f718,0x00000000c8c80000)
 Metaspace       used 67735K, committed 68800K, reserved 1114112K
  class space    used 7058K, committed 7488K, reserved 1048576K
}
Event: 1954.200 GC heap after
{Heap after GC invocations=93 (full 6):
 PSYoungGen      total 3072K, used 369K [0x00000000eab00000, 0x00000000eb300000, 0x0000000100000000)
  eden space 2560K, 0% used [0x00000000eab00000,0x00000000eab00000,0x00000000ead80000)
  from space 512K, 72% used [0x00000000eb280000,0x00000000eb2dc460,0x00000000eb300000)
  to   space 512K, 0% used [0x00000000eb200000,0x00000000eb200000,0x00000000eb280000)
 ParOldGen       total 143872K, used 104573K [0x00000000c0000000, 0x00000000c8c80000, 0x00000000eab00000)
  object space 143872K, 72% used [0x00000000c0000000,0x00000000c661f718,0x00000000c8c80000)
 Metaspace       used 67735K, committed 68800K, reserved 1114112K
  class space    used 7058K, committed 7488K, reserved 1048576K
}
Event: 1954.256 GC heap before
{Heap before GC invocations=94 (full 6):
 PSYoungGen      total 3072K, used 2907K [0x00000000eab00000, 0x00000000eb300000, 0x0000000100000000)
  eden space 2560K, 99% used [0x00000000eab00000,0x00000000ead7a8b8,0x00000000ead80000)
  from space 512K, 72% used [0x00000000eb280000,0x00000000eb2dc460,0x00000000eb300000)
  to   space 512K, 0% used [0x00000000eb200000,0x00000000eb200000,0x00000000eb280000)
 ParOldGen       total 143872K, used 104573K [0x00000000c0000000, 0x00000000c8c80000, 0x00000000eab00000)
  object space 143872K, 72% used [0x00000000c0000000,0x00000000c661f718,0x00000000c8c80000)
 Metaspace       used 68079K, committed 69184K, reserved 1114112K
  class space    used 7104K, committed 7552K, reserved 1048576K
}
Event: 1954.257 GC heap after
{Heap after GC invocations=94 (full 6):
 PSYoungGen      total 3072K, used 447K [0x00000000eab00000, 0x00000000eb300000, 0x0000000100000000)
  eden space 2560K, 0% used [0x00000000eab00000,0x00000000eab00000,0x00000000ead80000)
  from space 512K, 87% used [0x00000000eb200000,0x00000000eb26fc18,0x00000000eb280000)
  to   space 512K, 0% used [0x00000000eb280000,0x00000000eb280000,0x00000000eb300000)
 ParOldGen       total 143872K, used 104573K [0x00000000c0000000, 0x00000000c8c80000, 0x00000000eab00000)
  object space 143872K, 72% used [0x00000000c0000000,0x00000000c661f718,0x00000000c8c80000)
 Metaspace       used 68079K, committed 69184K, reserved 1114112K
  class space    used 7104K, committed 7552K, reserved 1048576K
}
Event: 1954.311 GC heap before
{Heap before GC invocations=95 (full 6):
 PSYoungGen      total 3072K, used 3007K [0x00000000eab00000, 0x00000000eb300000, 0x0000000100000000)
  eden space 2560K, 100% used [0x00000000eab00000,0x00000000ead80000,0x00000000ead80000)
  from space 512K, 87% used [0x00000000eb200000,0x00000000eb26fc18,0x00000000eb280000)
  to   space 512K, 0% used [0x00000000eb280000,0x00000000eb280000,0x00000000eb300000)
 ParOldGen       total 143872K, used 104573K [0x00000000c0000000, 0x00000000c8c80000, 0x00000000eab00000)
  object space 143872K, 72% used [0x00000000c0000000,0x00000000c661f718,0x00000000c8c80000)
 Metaspace       used 68455K, committed 69568K, reserved 1114112K
  class space    used 7160K, committed 7616K, reserved 1048576K
}
Event: 1954.313 GC heap after
{Heap after GC invocations=95 (full 6):
 PSYoungGen      total 3072K, used 497K [0x00000000eab00000, 0x00000000eb300000, 0x0000000100000000)
  eden space 2560K, 0% used [0x00000000eab00000,0x00000000eab00000,0x00000000ead80000)
  from space 512K, 97% used [0x00000000eb280000,0x00000000eb2fc480,0x00000000eb300000)
  to   space 512K, 0% used [0x00000000eb200000,0x00000000eb200000,0x00000000eb280000)
 ParOldGen       total 143872K, used 104573K [0x00000000c0000000, 0x00000000c8c80000, 0x00000000eab00000)
  object space 143872K, 72% used [0x00000000c0000000,0x00000000c661f718,0x00000000c8c80000)
 Metaspace       used 68455K, committed 69568K, reserved 1114112K
  class space    used 7160K, committed 7616K, reserved 1048576K
}
Event: 1954.388 GC heap before
{Heap before GC invocations=96 (full 6):
 PSYoungGen      total 3072K, used 3057K [0x00000000eab00000, 0x00000000eb300000, 0x0000000100000000)
  eden space 2560K, 100% used [0x00000000eab00000,0x00000000ead80000,0x00000000ead80000)
  from space 512K, 97% used [0x00000000eb280000,0x00000000eb2fc480,0x00000000eb300000)
  to   space 512K, 0% used [0x00000000eb200000,0x00000000eb200000,0x00000000eb280000)
 ParOldGen       total 143872K, used 104573K [0x00000000c0000000, 0x00000000c8c80000, 0x00000000eab00000)
  object space 143872K, 72% used [0x00000000c0000000,0x00000000c661f718,0x00000000c8c80000)
 Metaspace       used 68652K, committed 69760K, reserved 1114112K
  class space    used 7217K, committed 7680K, reserved 1048576K
}
Event: 1954.389 GC heap after
{Heap after GC invocations=96 (full 6):
 PSYoungGen      total 3072K, used 481K [0x00000000eab00000, 0x00000000eb300000, 0x0000000100000000)
  eden space 2560K, 0% used [0x00000000eab00000,0x00000000eab00000,0x00000000ead80000)
  from space 512K, 93% used [0x00000000eb200000,0x00000000eb278470,0x00000000eb280000)
  to   space 512K, 0% used [0x00000000eb280000,0x00000000eb280000,0x00000000eb300000)
 ParOldGen       total 143872K, used 104581K [0x00000000c0000000, 0x00000000c8c80000, 0x00000000eab00000)
  object space 143872K, 72% used [0x00000000c0000000,0x00000000c6621718,0x00000000c8c80000)
 Metaspace       used 68652K, committed 69760K, reserved 1114112K
  class space    used 7217K, committed 7680K, reserved 1048576K
}
Event: 1954.473 GC heap before
{Heap before GC invocations=97 (full 6):
 PSYoungGen      total 3072K, used 3041K [0x00000000eab00000, 0x00000000eb300000, 0x0000000100000000)
  eden space 2560K, 100% used [0x00000000eab00000,0x00000000ead80000,0x00000000ead80000)
  from space 512K, 93% used [0x00000000eb200000,0x00000000eb278470,0x00000000eb280000)
  to   space 512K, 0% used [0x00000000eb280000,0x00000000eb280000,0x00000000eb300000)
 ParOldGen       total 143872K, used 104581K [0x00000000c0000000, 0x00000000c8c80000, 0x00000000eab00000)
  object space 143872K, 72% used [0x00000000c0000000,0x00000000c6621718,0x00000000c8c80000)
 Metaspace       used 69001K, committed 70080K, reserved 1114112K
  class space    used 7278K, committed 7744K, reserved 1048576K
}
Event: 1954.474 GC heap after
{Heap after GC invocations=97 (full 6):
 PSYoungGen      total 3072K, used 497K [0x00000000eab00000, 0x00000000eb300000, 0x0000000100000000)
  eden space 2560K, 0% used [0x00000000eab00000,0x00000000eab00000,0x00000000ead80000)
  from space 512K, 97% used [0x00000000eb280000,0x00000000eb2fc460,0x00000000eb300000)
  to   space 1024K, 0% used [0x00000000eb100000,0x00000000eb100000,0x00000000eb200000)
 ParOldGen       total 143872K, used 104605K [0x00000000c0000000, 0x00000000c8c80000, 0x00000000eab00000)
  object space 143872K, 72% used [0x00000000c0000000,0x00000000c6627718,0x00000000c8c80000)
 Metaspace       used 69001K, committed 70080K, reserved 1114112K
  class space    used 7278K, committed 7744K, reserved 1048576K
}
Event: 1954.564 GC heap before
{Heap before GC invocations=98 (full 6):
 PSYoungGen      total 3072K, used 3056K [0x00000000eab00000, 0x00000000eb300000, 0x0000000100000000)
  eden space 2560K, 99% used [0x00000000eab00000,0x00000000ead7fe40,0x00000000ead80000)
  from space 512K, 97% used [0x00000000eb280000,0x00000000eb2fc460,0x00000000eb300000)
  to   space 1024K, 0% used [0x00000000eb100000,0x00000000eb100000,0x00000000eb200000)
 ParOldGen       total 143872K, used 104605K [0x00000000c0000000, 0x00000000c8c80000, 0x00000000eab00000)
  object space 143872K, 72% used [0x00000000c0000000,0x00000000c6627718,0x00000000c8c80000)
 Metaspace       used 69366K, committed 70464K, reserved 1114112K
  class space    used 7319K, committed 7808K, reserved 1048576K
}
Event: 1954.565 GC heap after
{Heap after GC invocations=98 (full 6):
 PSYoungGen      total 3584K, used 561K [0x00000000eab00000, 0x00000000eb300000, 0x0000000100000000)
  eden space 2560K, 0% used [0x00000000eab00000,0x00000000eab00000,0x00000000ead80000)
  from space 1024K, 54% used [0x00000000eb100000,0x00000000eb18c460,0x00000000eb200000)
  to   space 1024K, 0% used [0x00000000eb200000,0x00000000eb200000,0x00000000eb300000)
 ParOldGen       total 143872K, used 104701K [0x00000000c0000000, 0x00000000c8c80000, 0x00000000eab00000)
  object space 143872K, 72% used [0x00000000c0000000,0x00000000c663f718,0x00000000c8c80000)
 Metaspace       used 69366K, committed 70464K, reserved 1114112K
  class space    used 7319K, committed 7808K, reserved 1048576K
}
Event: 1961.933 GC heap before
{Heap before GC invocations=99 (full 6):
 PSYoungGen      total 3584K, used 3121K [0x00000000eab00000, 0x00000000eb300000, 0x0000000100000000)
  eden space 2560K, 100% used [0x00000000eab00000,0x00000000ead80000,0x00000000ead80000)
  from space 1024K, 54% used [0x00000000eb100000,0x00000000eb18c460,0x00000000eb200000)
  to   space 1024K, 0% used [0x00000000eb200000,0x00000000eb200000,0x00000000eb300000)
 ParOldGen       total 143872K, used 104701K [0x00000000c0000000, 0x00000000c8c80000, 0x00000000eab00000)
  object space 143872K, 72% used [0x00000000c0000000,0x00000000c663f718,0x00000000c8c80000)
 Metaspace       used 69894K, committed 70976K, reserved 1114112K
  class space    used 7386K, committed 7872K, reserved 1048576K
}
Event: 1961.934 GC heap after
{Heap after GC invocations=99 (full 6):
 PSYoungGen      total 3584K, used 689K [0x00000000eab00000, 0x00000000eb300000, 0x0000000100000000)
  eden space 2560K, 0% used [0x00000000eab00000,0x00000000eab00000,0x00000000ead80000)
  from space 1024K, 67% used [0x00000000eb200000,0x00000000eb2ac460,0x00000000eb300000)
  to   space 1024K, 0% used [0x00000000eb100000,0x00000000eb100000,0x00000000eb200000)
 ParOldGen       total 143872K, used 104709K [0x00000000c0000000, 0x00000000c8c80000, 0x00000000eab00000)
  object space 143872K, 72% used [0x00000000c0000000,0x00000000c6641718,0x00000000c8c80000)
 Metaspace       used 69894K, committed 70976K, reserved 1114112K
  class space    used 7386K, committed 7872K, reserved 1048576K
}

